/afs/.ir/users/z/q/zqian1/anaconda3/envs/conda_envpython3.6/lib/python3.6/site-packages/joblib/_parallel_backends.py:350: DtypeWarning: Columns (170,226,251,270,274,276,295,296,299,301,321,324) have mixed types. Specify dtype option on import or set low_memory=False.
  return self.func(*args, **kwargs)
/afs/.ir/users/z/q/zqian1/anaconda3/envs/conda_envpython3.6/lib/python3.6/site-packages/joblib/_parallel_backends.py:350: DtypeWarning: Columns (170,226,246,251,270,271,274,276,295,296,299,321) have mixed types. Specify dtype option on import or set low_memory=False.
  return self.func(*args, **kwargs)
/afs/.ir/users/z/q/zqian1/anaconda3/envs/conda_envpython3.6/lib/python3.6/site-packages/joblib/_parallel_backends.py:350: DtypeWarning: Columns (195,296) have mixed types. Specify dtype option on import or set low_memory=False.
  return self.func(*args, **kwargs)
/afs/.ir/users/z/q/zqian1/anaconda3/envs/conda_envpython3.6/lib/python3.6/site-packages/joblib/_parallel_backends.py:350: DtypeWarning: Columns (145,170,220,226,245,246,249,251,274,276,299,318,320,322,323,326,327,328) have mixed types. Specify dtype option on import or set low_memory=False.
  return self.func(*args, **kwargs)
/afs/.ir/users/z/q/zqian1/anaconda3/envs/conda_envpython3.6/lib/python3.6/site-packages/joblib/_parallel_backends.py:350: DtypeWarning: Columns (145,246,271,296,321,326) have mixed types. Specify dtype option on import or set low_memory=False.
  return self.func(*args, **kwargs)
/afs/.ir/users/z/q/zqian1/anaconda3/envs/conda_envpython3.6/lib/python3.6/site-packages/joblib/_parallel_backends.py:350: DtypeWarning: Columns (120,145,170,195,199,201,220,224,246,276,296,299,301,321,324,326) have mixed types. Specify dtype option on import or set low_memory=False.
  return self.func(*args, **kwargs)
/afs/.ir/users/z/q/zqian1/anaconda3/envs/conda_envpython3.6/lib/python3.6/site-packages/joblib/_parallel_backends.py:350: DtypeWarning: Columns (145,170,195,220,249,271,276,295,296,301,321,323,324,326) have mixed types. Specify dtype option on import or set low_memory=False.
  return self.func(*args, **kwargs)
/afs/.ir/users/z/q/zqian1/anaconda3/envs/conda_envpython3.6/lib/python3.6/site-packages/joblib/_parallel_backends.py:350: DtypeWarning: Columns (120,145,170,176,195,199,201,224,226,245,246,248,249,251,271,274,276,296,298,299,301,321,324,326) have mixed types. Specify dtype option on import or set low_memory=False.
  return self.func(*args, **kwargs)
/afs/.ir/users/z/q/zqian1/anaconda3/envs/conda_envpython3.6/lib/python3.6/site-packages/joblib/_parallel_backends.py:350: DtypeWarning: Columns (120,246,249,251,274,293,297,298,299,301,302,303,318,322,323,327,328) have mixed types. Specify dtype option on import or set low_memory=False.
  return self.func(*args, **kwargs)
/afs/.ir/users/z/q/zqian1/anaconda3/envs/conda_envpython3.6/lib/python3.6/site-packages/joblib/_parallel_backends.py:350: DtypeWarning: Columns (195,220,274,299,326) have mixed types. Specify dtype option on import or set low_memory=False.
  return self.func(*args, **kwargs)
/afs/.ir/users/z/q/zqian1/anaconda3/envs/conda_envpython3.6/lib/python3.6/site-packages/joblib/_parallel_backends.py:350: DtypeWarning: Columns (170,220,274,276,296,318,322,323,327,328) have mixed types. Specify dtype option on import or set low_memory=False.
  return self.func(*args, **kwargs)
/afs/.ir/users/z/q/zqian1/anaconda3/envs/conda_envpython3.6/lib/python3.6/site-packages/joblib/_parallel_backends.py:350: DtypeWarning: Columns (145,251,271,321,324) have mixed types. Specify dtype option on import or set low_memory=False.
  return self.func(*args, **kwargs)
/afs/.ir/users/z/q/zqian1/anaconda3/envs/conda_envpython3.6/lib/python3.6/site-packages/joblib/_parallel_backends.py:350: DtypeWarning: Columns (120,145,171,221,249,251,274,276,299,301,321,324,326) have mixed types. Specify dtype option on import or set low_memory=False.
  return self.func(*args, **kwargs)
/afs/.ir/users/z/q/zqian1/anaconda3/envs/conda_envpython3.6/lib/python3.6/site-packages/joblib/_parallel_backends.py:350: DtypeWarning: Columns (120,145,170,176,195,199,201,224,226,246,249,251,271,274,276,296,301,320,321,326) have mixed types. Specify dtype option on import or set low_memory=False.
  return self.func(*args, **kwargs)
/afs/.ir/users/z/q/zqian1/anaconda3/envs/conda_envpython3.6/lib/python3.6/site-packages/joblib/_parallel_backends.py:350: DtypeWarning: Columns (120,145,195,201,221,226,271,274) have mixed types. Specify dtype option on import or set low_memory=False.
  return self.func(*args, **kwargs)
/afs/.ir/users/z/q/zqian1/anaconda3/envs/conda_envpython3.6/lib/python3.6/site-packages/joblib/_parallel_backends.py:350: DtypeWarning: Columns (170,245,270,301,321,324) have mixed types. Specify dtype option on import or set low_memory=False.
  return self.func(*args, **kwargs)
/afs/.ir/users/z/q/zqian1/anaconda3/envs/conda_envpython3.6/lib/python3.6/site-packages/joblib/_parallel_backends.py:350: DtypeWarning: Columns (145,226,246,249,251,271,276,296,299,321) have mixed types. Specify dtype option on import or set low_memory=False.
  return self.func(*args, **kwargs)
/afs/.ir/users/z/q/zqian1/anaconda3/envs/conda_envpython3.6/lib/python3.6/site-packages/joblib/_parallel_backends.py:350: DtypeWarning: Columns (195,220,251,296,299,301,320,321,324) have mixed types. Specify dtype option on import or set low_memory=False.
  return self.func(*args, **kwargs)
/afs/.ir/users/z/q/zqian1/anaconda3/envs/conda_envpython3.6/lib/python3.6/site-packages/joblib/_parallel_backends.py:350: DtypeWarning: Columns (120,145,170,195,220,251,271,276,296,299,301,321,326) have mixed types. Specify dtype option on import or set low_memory=False.
  return self.func(*args, **kwargs)
/afs/.ir/users/z/q/zqian1/anaconda3/envs/conda_envpython3.6/lib/python3.6/site-packages/joblib/_parallel_backends.py:350: DtypeWarning: Columns (145,170,195,220,270,295) have mixed types. Specify dtype option on import or set low_memory=False.
  return self.func(*args, **kwargs)
/afs/.ir/users/z/q/zqian1/anaconda3/envs/conda_envpython3.6/lib/python3.6/site-packages/joblib/_parallel_backends.py:350: DtypeWarning: Columns (95,120,145,170,195,220,270,274,276,295,301,320,326) have mixed types. Specify dtype option on import or set low_memory=False.
  return self.func(*args, **kwargs)
/afs/.ir/users/z/q/zqian1/anaconda3/envs/conda_envpython3.6/lib/python3.6/site-packages/joblib/_parallel_backends.py:350: DtypeWarning: Columns (95,120,195,324,326) have mixed types. Specify dtype option on import or set low_memory=False.
  return self.func(*args, **kwargs)
/afs/.ir/users/z/q/zqian1/anaconda3/envs/conda_envpython3.6/lib/python3.6/site-packages/joblib/_parallel_backends.py:350: DtypeWarning: Columns (170,220,270,295,324) have mixed types. Specify dtype option on import or set low_memory=False.
  return self.func(*args, **kwargs)
/afs/.ir/users/z/q/zqian1/anaconda3/envs/conda_envpython3.6/lib/python3.6/site-packages/joblib/_parallel_backends.py:350: DtypeWarning: Columns (95,170,195,220,245,270,276,295) have mixed types. Specify dtype option on import or set low_memory=False.
  return self.func(*args, **kwargs)
/afs/.ir/users/z/q/zqian1/anaconda3/envs/conda_envpython3.6/lib/python3.6/site-packages/joblib/_parallel_backends.py:350: DtypeWarning: Columns (95,120,145,170,195,220,245,270,274,295,301,324,326) have mixed types. Specify dtype option on import or set low_memory=False.
  return self.func(*args, **kwargs)
/afs/.ir/users/z/q/zqian1/anaconda3/envs/conda_envpython3.6/lib/python3.6/site-packages/joblib/_parallel_backends.py:350: DtypeWarning: Columns (101,120,145,151,195,201,220,245,251,276,299,301,324,326) have mixed types. Specify dtype option on import or set low_memory=False.
  return self.func(*args, **kwargs)
/afs/.ir/users/z/q/zqian1/anaconda3/envs/conda_envpython3.6/lib/python3.6/site-packages/joblib/_parallel_backends.py:350: DtypeWarning: Columns (95,220,245) have mixed types. Specify dtype option on import or set low_memory=False.
  return self.func(*args, **kwargs)
/afs/.ir/users/z/q/zqian1/anaconda3/envs/conda_envpython3.6/lib/python3.6/site-packages/joblib/_parallel_backends.py:350: DtypeWarning: Columns (120,145,195,295) have mixed types. Specify dtype option on import or set low_memory=False.
  return self.func(*args, **kwargs)
/afs/.ir/users/z/q/zqian1/anaconda3/envs/conda_envpython3.6/lib/python3.6/site-packages/joblib/_parallel_backends.py:350: DtypeWarning: Columns (120,176,199,201,224,243,246,247,248,249,251,252,253,268,271,272,273,274,276,277,278,293,296,297,298,302,303,318,321,322,323,327,328) have mixed types. Specify dtype option on import or set low_memory=False.
  return self.func(*args, **kwargs)
/afs/.ir/users/z/q/zqian1/anaconda3/envs/conda_envpython3.6/lib/python3.6/site-packages/joblib/_parallel_backends.py:350: DtypeWarning: Columns (170,195,251,274,296,299,301,321) have mixed types. Specify dtype option on import or set low_memory=False.
  return self.func(*args, **kwargs)
/afs/.ir/users/z/q/zqian1/anaconda3/envs/conda_envpython3.6/lib/python3.6/site-packages/joblib/_parallel_backends.py:350: DtypeWarning: Columns (120,249,296,299) have mixed types. Specify dtype option on import or set low_memory=False.
  return self.func(*args, **kwargs)
/afs/.ir/users/z/q/zqian1/anaconda3/envs/conda_envpython3.6/lib/python3.6/site-packages/joblib/_parallel_backends.py:350: DtypeWarning: Columns (95,145,170,195,251,326) have mixed types. Specify dtype option on import or set low_memory=False.
  return self.func(*args, **kwargs)
/afs/.ir/users/z/q/zqian1/anaconda3/envs/conda_envpython3.6/lib/python3.6/site-packages/joblib/_parallel_backends.py:350: DtypeWarning: Columns (145,170,195,220,276,299,301) have mixed types. Specify dtype option on import or set low_memory=False.
  return self.func(*args, **kwargs)
/afs/.ir/users/z/q/zqian1/anaconda3/envs/conda_envpython3.6/lib/python3.6/site-packages/joblib/_parallel_backends.py:350: DtypeWarning: Columns (120,195,220,245,249,251,274,276,299,301,321,326) have mixed types. Specify dtype option on import or set low_memory=False.
  return self.func(*args, **kwargs)
/afs/.ir/users/z/q/zqian1/anaconda3/envs/conda_envpython3.6/lib/python3.6/site-packages/joblib/_parallel_backends.py:350: DtypeWarning: Columns (120,145,151,176,195,224,226,249,251,274,293,296,297,298,299,301,302,303,318,321,322,323,327,328) have mixed types. Specify dtype option on import or set low_memory=False.
  return self.func(*args, **kwargs)
/afs/.ir/users/z/q/zqian1/anaconda3/envs/conda_envpython3.6/lib/python3.6/site-packages/joblib/_parallel_backends.py:350: DtypeWarning: Columns (120,145,274,299,301,321,326) have mixed types. Specify dtype option on import or set low_memory=False.
  return self.func(*args, **kwargs)
/afs/.ir/users/z/q/zqian1/anaconda3/envs/conda_envpython3.6/lib/python3.6/site-packages/joblib/_parallel_backends.py:350: DtypeWarning: Columns (120,170,224,251,271,295,296,299) have mixed types. Specify dtype option on import or set low_memory=False.
  return self.func(*args, **kwargs)
/afs/.ir/users/z/q/zqian1/anaconda3/envs/conda_envpython3.6/lib/python3.6/site-packages/joblib/_parallel_backends.py:350: DtypeWarning: Columns (120,145,299,324) have mixed types. Specify dtype option on import or set low_memory=False.
  return self.func(*args, **kwargs)
/afs/.ir/users/z/q/zqian1/anaconda3/envs/conda_envpython3.6/lib/python3.6/site-packages/joblib/_parallel_backends.py:350: DtypeWarning: Columns (120,145,170,199,276,301) have mixed types. Specify dtype option on import or set low_memory=False.
  return self.func(*args, **kwargs)
/afs/.ir/users/z/q/zqian1/anaconda3/envs/conda_envpython3.6/lib/python3.6/site-packages/joblib/_parallel_backends.py:350: DtypeWarning: Columns (120,145,170,226,249,251,271,276,299,301,321) have mixed types. Specify dtype option on import or set low_memory=False.
  return self.func(*args, **kwargs)
/afs/.ir/users/z/q/zqian1/anaconda3/envs/conda_envpython3.6/lib/python3.6/site-packages/joblib/_parallel_backends.py:350: DtypeWarning: Columns (145,226,246,249,251,271,274,276,296,299,301,321,324) have mixed types. Specify dtype option on import or set low_memory=False.
  return self.func(*args, **kwargs)
/afs/.ir/users/z/q/zqian1/anaconda3/envs/conda_envpython3.6/lib/python3.6/site-packages/joblib/_parallel_backends.py:350: DtypeWarning: Columns (120,145,170,195,220,251,271,274,276,299,301,321,324,326) have mixed types. Specify dtype option on import or set low_memory=False.
  return self.func(*args, **kwargs)
/afs/.ir/users/z/q/zqian1/anaconda3/envs/conda_envpython3.6/lib/python3.6/site-packages/joblib/_parallel_backends.py:350: DtypeWarning: Columns (120,226,245,249,251,276,296,299,318,321,322,323,324,327,328) have mixed types. Specify dtype option on import or set low_memory=False.
  return self.func(*args, **kwargs)
/afs/.ir/users/z/q/zqian1/anaconda3/envs/conda_envpython3.6/lib/python3.6/site-packages/joblib/_parallel_backends.py:350: DtypeWarning: Columns (120,145,170,195,226,245,249,251,274,276,296,299,301,318,321,322,323,324,326,327,328) have mixed types. Specify dtype option on import or set low_memory=False.
  return self.func(*args, **kwargs)
/afs/.ir/users/z/q/zqian1/anaconda3/envs/conda_envpython3.6/lib/python3.6/site-packages/joblib/_parallel_backends.py:350: DtypeWarning: Columns (120,274) have mixed types. Specify dtype option on import or set low_memory=False.
  return self.func(*args, **kwargs)
/afs/.ir/users/z/q/zqian1/anaconda3/envs/conda_envpython3.6/lib/python3.6/site-packages/joblib/_parallel_backends.py:350: DtypeWarning: Columns (95,145,170,195,220,224,245,249,276,296,299,301,318,321,322,323,324,327,328) have mixed types. Specify dtype option on import or set low_memory=False.
  return self.func(*args, **kwargs)
/afs/.ir/users/z/q/zqian1/anaconda3/envs/conda_envpython3.6/lib/python3.6/site-packages/joblib/_parallel_backends.py:350: DtypeWarning: Columns (95,145,170,224,249,251,271,274,296,321) have mixed types. Specify dtype option on import or set low_memory=False.
  return self.func(*args, **kwargs)
/afs/.ir/users/z/q/zqian1/anaconda3/envs/conda_envpython3.6/lib/python3.6/site-packages/joblib/_parallel_backends.py:350: DtypeWarning: Columns (95,145,151,170,174,195,224,251,271,293,296,297,298,299,301,302,303,318,321,322,323,326,327,328) have mixed types. Specify dtype option on import or set low_memory=False.
  return self.func(*args, **kwargs)
/afs/.ir/users/z/q/zqian1/anaconda3/envs/conda_envpython3.6/lib/python3.6/site-packages/joblib/_parallel_backends.py:350: DtypeWarning: Columns (145,170,195,220,249,274,299,301,321,326) have mixed types. Specify dtype option on import or set low_memory=False.
  return self.func(*args, **kwargs)
/afs/.ir/users/z/q/zqian1/anaconda3/envs/conda_envpython3.6/lib/python3.6/site-packages/joblib/_parallel_backends.py:350: DtypeWarning: Columns (170,195,220,274,276,295,296,318,321,322,323,324,327,328) have mixed types. Specify dtype option on import or set low_memory=False.
  return self.func(*args, **kwargs)
/afs/.ir/users/z/q/zqian1/anaconda3/envs/conda_envpython3.6/lib/python3.6/site-packages/joblib/_parallel_backends.py:350: DtypeWarning: Columns (95,118,120,121,122,123,124,126,127,128,143,145,146,147,148,149,151,152,153,168,170,171,172,173,174,176,177,178,193,195,196,197,198,199,201,202,203,218,221,222,223,224,226,227,228,243,246,247,248,249,251,252,253,268,271,272,273,274,276,277,278,293,296,297,298,302,303,318,321,322,323,326,327,328) have mixed types. Specify dtype option on import or set low_memory=False.
  return self.func(*args, **kwargs)
/afs/.ir/users/z/q/zqian1/anaconda3/envs/conda_envpython3.6/lib/python3.6/site-packages/joblib/_parallel_backends.py:350: DtypeWarning: Columns (120,145,195,246,251,274,299,301,321) have mixed types. Specify dtype option on import or set low_memory=False.
  return self.func(*args, **kwargs)
/afs/.ir/users/z/q/zqian1/anaconda3/envs/conda_envpython3.6/lib/python3.6/site-packages/joblib/_parallel_backends.py:350: DtypeWarning: Columns (145,274,324,326) have mixed types. Specify dtype option on import or set low_memory=False.
  return self.func(*args, **kwargs)
/afs/.ir/users/z/q/zqian1/anaconda3/envs/conda_envpython3.6/lib/python3.6/site-packages/joblib/_parallel_backends.py:350: DtypeWarning: Columns (145,274,276,299,301,321,324,326) have mixed types. Specify dtype option on import or set low_memory=False.
  return self.func(*args, **kwargs)
/afs/.ir/users/z/q/zqian1/anaconda3/envs/conda_envpython3.6/lib/python3.6/site-packages/joblib/_parallel_backends.py:350: DtypeWarning: Columns (170,195,224,249,274,276,299,301,318,321,322,323,324,327,328) have mixed types. Specify dtype option on import or set low_memory=False.
  return self.func(*args, **kwargs)
/afs/.ir/users/z/q/zqian1/anaconda3/envs/conda_envpython3.6/lib/python3.6/site-packages/joblib/_parallel_backends.py:350: DtypeWarning: Columns (168,170,171,172,173,176,177,178,193,196,197,198,201,202,203,218,221,222,223,227,228,243,246,247,248,251,252,253,268,272,273,277,278,293,296,297,298,302,303) have mixed types. Specify dtype option on import or set low_memory=False.
  return self.func(*args, **kwargs)
/afs/.ir/users/z/q/zqian1/anaconda3/envs/conda_envpython3.6/lib/python3.6/site-packages/joblib/_parallel_backends.py:350: DtypeWarning: Columns (149,171,176,198,201,218,222,223,226,227,228) have mixed types. Specify dtype option on import or set low_memory=False.
  return self.func(*args, **kwargs)
/afs/.ir/users/z/q/zqian1/anaconda3/envs/conda_envpython3.6/lib/python3.6/site-packages/joblib/_parallel_backends.py:350: DtypeWarning: Columns (96,149,168,171,172,173,176,177,178,193,196,197,198,202,203,218,221,222,223,226,227,228,243,245,246,247,248,251,252,253,268,272,273,277,278,293,297,298,302,303,318,322,327,328) have mixed types. Specify dtype option on import or set low_memory=False.
  return self.func(*args, **kwargs)
/afs/.ir/users/z/q/zqian1/anaconda3/envs/conda_envpython3.6/lib/python3.6/site-packages/joblib/_parallel_backends.py:350: DtypeWarning: Columns (96,170,195,196,218,221,222,223,227,228,243,246,247,248,252,253,268,271,272,273,277,278,293,297,298,301,302,303) have mixed types. Specify dtype option on import or set low_memory=False.
  return self.func(*args, **kwargs)
/afs/.ir/users/z/q/zqian1/anaconda3/envs/conda_envpython3.6/lib/python3.6/site-packages/joblib/_parallel_backends.py:350: DtypeWarning: Columns (96,98,99,101,121,123,124,126,143,145,146,147,148,149,151,152,153,168,171,172,173,174,177,178,193,196,197,198,199,201,202,203,218,221,222,223,227,228,243,247,248,251,252,253,268,270,272,273,277,278,293,297,298,301,302,303,318,322,323,327,328) have mixed types. Specify dtype option on import or set low_memory=False.
  return self.func(*args, **kwargs)
/afs/.ir/users/z/q/zqian1/anaconda3/envs/conda_envpython3.6/lib/python3.6/site-packages/joblib/_parallel_backends.py:350: DtypeWarning: Columns (96,126,145,149,168,170,171,172,173,174,176,177,178,193,196,197,198,199,201,202,203,218,221,222,223,224,226,227,228,243,246,247,248,251,252,253,268,271,272,273,276,277,278,293,296,297,298,302,303,318,322,323,327,328) have mixed types. Specify dtype option on import or set low_memory=False.
  return self.func(*args, **kwargs)
/afs/.ir/users/z/q/zqian1/anaconda3/envs/conda_envpython3.6/lib/python3.6/site-packages/joblib/_parallel_backends.py:350: DtypeWarning: Columns (96,145,168,171,172,173,174,176,177,178,193,196,197,198,199,201,202,203,218,222,223,224,226,227,228,243,247,248,251,252,253,268,272,273,277,278,293,297,298,302,303) have mixed types. Specify dtype option on import or set low_memory=False.
  return self.func(*args, **kwargs)
/afs/.ir/users/z/q/zqian1/anaconda3/envs/conda_envpython3.6/lib/python3.6/site-packages/joblib/_parallel_backends.py:350: DtypeWarning: Columns (96,146,149,168,170,171,172,173,174,176,177,178,193,197,198,199,201,202,203,218,221,222,223,227,228,243,247,248,252,253,268,272,273,276,277,278,293,297,298,302,303,318,321,322,323,327,328) have mixed types. Specify dtype option on import or set low_memory=False.
  return self.func(*args, **kwargs)
/afs/.ir/users/z/q/zqian1/anaconda3/envs/conda_envpython3.6/lib/python3.6/site-packages/joblib/_parallel_backends.py:350: DtypeWarning: Columns (96,149,151,168,171,172,173,176,177,178,193,196,197,198,202,203,218,221,222,223,227,228,243,247,248,252,253,268,272,273,277,278,293,297,302,303) have mixed types. Specify dtype option on import or set low_memory=False.
  return self.func(*args, **kwargs)
/afs/.ir/users/z/q/zqian1/anaconda3/envs/conda_envpython3.6/lib/python3.6/site-packages/joblib/_parallel_backends.py:350: DtypeWarning: Columns (124,174,195,199,243,246,247,248,252,253) have mixed types. Specify dtype option on import or set low_memory=False.
  return self.func(*args, **kwargs)
/afs/.ir/users/z/q/zqian1/anaconda3/envs/conda_envpython3.6/lib/python3.6/site-packages/joblib/_parallel_backends.py:350: DtypeWarning: Columns (96,149,151,168,171,172,173,176,177,178,193,196,197,198,199,201,202,203,218,221,222,223,226,227,228,243,246,247,248,252,253) have mixed types. Specify dtype option on import or set low_memory=False.
  return self.func(*args, **kwargs)
/afs/.ir/users/z/q/zqian1/anaconda3/envs/conda_envpython3.6/lib/python3.6/site-packages/joblib/_parallel_backends.py:350: DtypeWarning: Columns (96,124,145,149,171,174,176,201,221,276,293,295,297,302,303) have mixed types. Specify dtype option on import or set low_memory=False.
  return self.func(*args, **kwargs)
/afs/.ir/users/z/q/zqian1/anaconda3/envs/conda_envpython3.6/lib/python3.6/site-packages/joblib/_parallel_backends.py:350: DtypeWarning: Columns (96,146,149,151,168,170,171,172,173,176,177,178,193,196,197,198,201,202,203,218,221,222,223,226,227,228,243,246,247,248,252,253,268,272,273,277,278,293,297,298,302,303) have mixed types. Specify dtype option on import or set low_memory=False.
  return self.func(*args, **kwargs)
/afs/.ir/users/z/q/zqian1/anaconda3/envs/conda_envpython3.6/lib/python3.6/site-packages/joblib/_parallel_backends.py:350: DtypeWarning: Columns (96,124,146,149,151,168,171,172,173,174,176,177,178,193,195,196,197,198,199,201,202,203,218,221,222,223,226,227,228,243,247,248,251,252,253,268,270,271,272,273,277,278,293,297,298,302,303) have mixed types. Specify dtype option on import or set low_memory=False.
  return self.func(*args, **kwargs)
/afs/.ir/users/z/q/zqian1/anaconda3/envs/conda_envpython3.6/lib/python3.6/site-packages/joblib/_parallel_backends.py:350: DtypeWarning: Columns (96,124,146,149,151,168,171,172,173,174,176,177,178,193,196,197,198,199,201,202,203,218,221,222,223,224,226,227,228,243,245,246,247,248,249,251,252,253,268,272,273,277,278,293,297,298,302,303,318,322,323,326,327,328) have mixed types. Specify dtype option on import or set low_memory=False.
  return self.func(*args, **kwargs)
/afs/.ir/users/z/q/zqian1/anaconda3/envs/conda_envpython3.6/lib/python3.6/site-packages/joblib/_parallel_backends.py:350: DtypeWarning: Columns (145,151,168,171,172,173,176,177,178,193,196,197,198,199,201,202,203,218,222,223,227,228,243,247,248,252,253,268,272,273,277,278) have mixed types. Specify dtype option on import or set low_memory=False.
  return self.func(*args, **kwargs)
/afs/.ir/users/z/q/zqian1/anaconda3/envs/conda_envpython3.6/lib/python3.6/site-packages/joblib/_parallel_backends.py:350: DtypeWarning: Columns (96,146,151,168,170,171,172,173,174,176,177,178,193,196,197,198,201,202,203,218,221,222,223,226,227,228,243,247,248,252,253,268,272,273,277,278,293,297,298,302,303,318,322,323,327,328) have mixed types. Specify dtype option on import or set low_memory=False.
  return self.func(*args, **kwargs)
/afs/.ir/users/z/q/zqian1/anaconda3/envs/conda_envpython3.6/lib/python3.6/site-packages/joblib/_parallel_backends.py:350: DtypeWarning: Columns (96,145,149,168,171,172,173,174,176,177,178,193,195,196,197,198,199,201,202,203,218,221,222,223,226,227,228,243,247,248,252,253,268,271,272,273,277,278,293,296,297,298,301,302,303) have mixed types. Specify dtype option on import or set low_memory=False.
  return self.func(*args, **kwargs)
/afs/.ir/users/z/q/zqian1/anaconda3/envs/conda_envpython3.6/lib/python3.6/site-packages/joblib/_parallel_backends.py:350: DtypeWarning: Columns (145,149,168,170,171,172,173,176,177,178,193,196,197,198,201,202,203,218,221,222,223,226,227,228,243,246,247,248,251,252,253,268,272,273,277,278) have mixed types. Specify dtype option on import or set low_memory=False.
  return self.func(*args, **kwargs)
/afs/.ir/users/z/q/zqian1/anaconda3/envs/conda_envpython3.6/lib/python3.6/site-packages/joblib/_parallel_backends.py:350: DtypeWarning: Columns (95,99,120) have mixed types. Specify dtype option on import or set low_memory=False.
  return self.func(*args, **kwargs)
/afs/.ir/users/z/q/zqian1/anaconda3/envs/conda_envpython3.6/lib/python3.6/site-packages/joblib/_parallel_backends.py:350: DtypeWarning: Columns (124) have mixed types. Specify dtype option on import or set low_memory=False.
  return self.func(*args, **kwargs)
/afs/.ir/users/z/q/zqian1/anaconda3/envs/conda_envpython3.6/lib/python3.6/site-packages/joblib/_parallel_backends.py:350: DtypeWarning: Columns (95,120,124,145,149,170,171,174,176,195,196,199,201,220,221,224,226,246,251,268,271,272,273,276,277,278,293,296,297,298,301,302,303,318,321,322,323,327,328) have mixed types. Specify dtype option on import or set low_memory=False.
  return self.func(*args, **kwargs)
/afs/.ir/users/z/q/zqian1/anaconda3/envs/conda_envpython3.6/lib/python3.6/site-packages/joblib/_parallel_backends.py:350: DtypeWarning: Columns (99,170,174,199,220,224,251,271,276) have mixed types. Specify dtype option on import or set low_memory=False.
  return self.func(*args, **kwargs)
/afs/.ir/users/z/q/zqian1/anaconda3/envs/conda_envpython3.6/lib/python3.6/site-packages/joblib/_parallel_backends.py:350: DtypeWarning: Columns (120,145,174,195,199,224,249,270,274,276,295,296,299,301,321,326) have mixed types. Specify dtype option on import or set low_memory=False.
  return self.func(*args, **kwargs)
/afs/.ir/users/z/q/zqian1/anaconda3/envs/conda_envpython3.6/lib/python3.6/site-packages/joblib/_parallel_backends.py:350: DtypeWarning: Columns (145,170,195,199,224,245,271,276,296,301,321,324,326) have mixed types. Specify dtype option on import or set low_memory=False.
  return self.func(*args, **kwargs)
/afs/.ir/users/z/q/zqian1/anaconda3/envs/conda_envpython3.6/lib/python3.6/site-packages/joblib/_parallel_backends.py:350: DtypeWarning: Columns (95,124,145,149,170,195,196,199,220,221,224,226,246,249,271,274,276,296,299,301,318,322,323,327,328) have mixed types. Specify dtype option on import or set low_memory=False.
  return self.func(*args, **kwargs)
/afs/.ir/users/z/q/zqian1/anaconda3/envs/conda_envpython3.6/lib/python3.6/site-packages/joblib/_parallel_backends.py:350: DtypeWarning: Columns (120,124,145,149,170,174,195,199,221,224,226,249,251,293,297,298,301,302,303,318,322,323,327,328) have mixed types. Specify dtype option on import or set low_memory=False.
  return self.func(*args, **kwargs)
/afs/.ir/users/z/q/zqian1/anaconda3/envs/conda_envpython3.6/lib/python3.6/site-packages/joblib/_parallel_backends.py:350: DtypeWarning: Columns (174,195,220,270,296,299,301) have mixed types. Specify dtype option on import or set low_memory=False.
  return self.func(*args, **kwargs)
/afs/.ir/users/z/q/zqian1/anaconda3/envs/conda_envpython3.6/lib/python3.6/site-packages/joblib/_parallel_backends.py:350: DtypeWarning: Columns (145,170,195,199,224,249,274,295,296,301,326) have mixed types. Specify dtype option on import or set low_memory=False.
  return self.func(*args, **kwargs)
/afs/.ir/users/z/q/zqian1/anaconda3/envs/conda_envpython3.6/lib/python3.6/site-packages/joblib/_parallel_backends.py:350: DtypeWarning: Columns (120,145,199,201,226,246,251,271,276,293,297,298,301,302,303,318,322,323,327,328) have mixed types. Specify dtype option on import or set low_memory=False.
  return self.func(*args, **kwargs)
/afs/.ir/users/z/q/zqian1/anaconda3/envs/conda_envpython3.6/lib/python3.6/site-packages/joblib/_parallel_backends.py:350: DtypeWarning: Columns (95,99,120,145,151,170,171,174,176,195,196,199,201,218,220,221,222,223,226,227,228,243,246,247,248,251,252,253,268,271,272,273,276,277,278,293,297,298,301,302,303,318,321,322,323,326,327,328) have mixed types. Specify dtype option on import or set low_memory=False.
  return self.func(*args, **kwargs)
/afs/.ir/users/z/q/zqian1/anaconda3/envs/conda_envpython3.6/lib/python3.6/site-packages/joblib/_parallel_backends.py:350: DtypeWarning: Columns (120,145,170,174,195,199,271,274,276,296,318,322,327,328) have mixed types. Specify dtype option on import or set low_memory=False.
  return self.func(*args, **kwargs)
/afs/.ir/users/z/q/zqian1/anaconda3/envs/conda_envpython3.6/lib/python3.6/site-packages/joblib/_parallel_backends.py:350: DtypeWarning: Columns (145,170,195,220,224,249,276) have mixed types. Specify dtype option on import or set low_memory=False.
  return self.func(*args, **kwargs)
/afs/.ir/users/z/q/zqian1/anaconda3/envs/conda_envpython3.6/lib/python3.6/site-packages/joblib/_parallel_backends.py:350: DtypeWarning: Columns (95,120,124,145,149,170,171,176,195,199,220,221,226,246,251,271,296,321,324) have mixed types. Specify dtype option on import or set low_memory=False.
  return self.func(*args, **kwargs)
/afs/.ir/users/z/q/zqian1/anaconda3/envs/conda_envpython3.6/lib/python3.6/site-packages/joblib/_parallel_backends.py:350: DtypeWarning: Columns (120,195,224,249,295,296,299) have mixed types. Specify dtype option on import or set low_memory=False.
  return self.func(*args, **kwargs)
/afs/.ir/users/z/q/zqian1/anaconda3/envs/conda_envpython3.6/lib/python3.6/site-packages/joblib/_parallel_backends.py:350: DtypeWarning: Columns (120,124,145,170,199,224,246,251,271,293,297,298,302,303,318,322,323,327,328) have mixed types. Specify dtype option on import or set low_memory=False.
  return self.func(*args, **kwargs)
/afs/.ir/users/z/q/zqian1/anaconda3/envs/conda_envpython3.6/lib/python3.6/site-packages/joblib/_parallel_backends.py:350: DtypeWarning: Columns (120,145,199,201,221,251,271,276,321) have mixed types. Specify dtype option on import or set low_memory=False.
  return self.func(*args, **kwargs)
/afs/.ir/users/z/q/zqian1/anaconda3/envs/conda_envpython3.6/lib/python3.6/site-packages/joblib/_parallel_backends.py:350: DtypeWarning: Columns (270) have mixed types. Specify dtype option on import or set low_memory=False.
  return self.func(*args, **kwargs)
/afs/.ir/users/z/q/zqian1/anaconda3/envs/conda_envpython3.6/lib/python3.6/site-packages/joblib/_parallel_backends.py:350: DtypeWarning: Columns (170,195,270,321) have mixed types. Specify dtype option on import or set low_memory=False.
  return self.func(*args, **kwargs)
/afs/.ir/users/z/q/zqian1/anaconda3/envs/conda_envpython3.6/lib/python3.6/site-packages/joblib/_parallel_backends.py:350: DtypeWarning: Columns (170,195,271,274,276,299,323,324,326) have mixed types. Specify dtype option on import or set low_memory=False.
  return self.func(*args, **kwargs)
/afs/.ir/users/z/q/zqian1/anaconda3/envs/conda_envpython3.6/lib/python3.6/site-packages/joblib/_parallel_backends.py:350: DtypeWarning: Columns (95,120,124,145,146,149,151,170,174,176,195,199,201,220,224,226,245,246,249,251,270,274,276,293,295,296,297,298,299,301,302,303,318,321,322,323,324,326,327,328) have mixed types. Specify dtype option on import or set low_memory=False.
  return self.func(*args, **kwargs)
/afs/.ir/users/z/q/zqian1/anaconda3/envs/conda_envpython3.6/lib/python3.6/site-packages/joblib/_parallel_backends.py:350: DtypeWarning: Columns (120,170,195,220,224,245,249,251,270,271,274,276,296,299,301,318,321,322,323,324,326,327,328) have mixed types. Specify dtype option on import or set low_memory=False.
  return self.func(*args, **kwargs)
/afs/.ir/users/z/q/zqian1/anaconda3/envs/conda_envpython3.6/lib/python3.6/site-packages/joblib/_parallel_backends.py:350: DtypeWarning: Columns (170,195,245,295,326) have mixed types. Specify dtype option on import or set low_memory=False.
  return self.func(*args, **kwargs)
/afs/.ir/users/z/q/zqian1/anaconda3/envs/conda_envpython3.6/lib/python3.6/site-packages/joblib/_parallel_backends.py:350: DtypeWarning: Columns (195,245,270,301,324,326) have mixed types. Specify dtype option on import or set low_memory=False.
  return self.func(*args, **kwargs)
/afs/.ir/users/z/q/zqian1/anaconda3/envs/conda_envpython3.6/lib/python3.6/site-packages/joblib/_parallel_backends.py:350: DtypeWarning: Columns (95,120,174,195,199,201,226,246,251,270,271,274,276,293,296,297,298,299,301,302,303,318,321,322,323,324,327,328) have mixed types. Specify dtype option on import or set low_memory=False.
  return self.func(*args, **kwargs)
/afs/.ir/users/z/q/zqian1/anaconda3/envs/conda_envpython3.6/lib/python3.6/site-packages/joblib/_parallel_backends.py:350: DtypeWarning: Columns (120,145,176,195,246,251,270,271,274,276,295,296,299,318,321,322,323,324,326,327,328) have mixed types. Specify dtype option on import or set low_memory=False.
  return self.func(*args, **kwargs)
/afs/.ir/users/z/q/zqian1/anaconda3/envs/conda_envpython3.6/lib/python3.6/site-packages/joblib/_parallel_backends.py:350: DtypeWarning: Columns (145,170,220,245,270,274,276,301,321,324,326) have mixed types. Specify dtype option on import or set low_memory=False.
  return self.func(*args, **kwargs)
/afs/.ir/users/z/q/zqian1/anaconda3/envs/conda_envpython3.6/lib/python3.6/site-packages/joblib/_parallel_backends.py:350: DtypeWarning: Columns (120,145,170,195,295,301,320,324,326) have mixed types. Specify dtype option on import or set low_memory=False.
  return self.func(*args, **kwargs)
/afs/.ir/users/z/q/zqian1/anaconda3/envs/conda_envpython3.6/lib/python3.6/site-packages/joblib/_parallel_backends.py:350: DtypeWarning: Columns (220,270,295,326) have mixed types. Specify dtype option on import or set low_memory=False.
  return self.func(*args, **kwargs)
/afs/.ir/users/z/q/zqian1/anaconda3/envs/conda_envpython3.6/lib/python3.6/site-packages/joblib/_parallel_backends.py:350: DtypeWarning: Columns (145,195,220,245) have mixed types. Specify dtype option on import or set low_memory=False.
  return self.func(*args, **kwargs)
/afs/.ir/users/z/q/zqian1/anaconda3/envs/conda_envpython3.6/lib/python3.6/site-packages/joblib/_parallel_backends.py:350: DtypeWarning: Columns (145,170,195,220) have mixed types. Specify dtype option on import or set low_memory=False.
  return self.func(*args, **kwargs)
/afs/.ir/users/z/q/zqian1/anaconda3/envs/conda_envpython3.6/lib/python3.6/site-packages/joblib/_parallel_backends.py:350: DtypeWarning: Columns (145,270) have mixed types. Specify dtype option on import or set low_memory=False.
  return self.func(*args, **kwargs)
/afs/.ir/users/z/q/zqian1/anaconda3/envs/conda_envpython3.6/lib/python3.6/site-packages/joblib/_parallel_backends.py:350: DtypeWarning: Columns (120,170,220,245,270,301) have mixed types. Specify dtype option on import or set low_memory=False.
  return self.func(*args, **kwargs)
/afs/.ir/users/z/q/zqian1/anaconda3/envs/conda_envpython3.6/lib/python3.6/site-packages/joblib/_parallel_backends.py:350: DtypeWarning: Columns (220,245,270,299,301) have mixed types. Specify dtype option on import or set low_memory=False.
  return self.func(*args, **kwargs)
/afs/.ir/users/z/q/zqian1/anaconda3/envs/conda_envpython3.6/lib/python3.6/site-packages/joblib/_parallel_backends.py:350: DtypeWarning: Columns (95,170,195,220,320) have mixed types. Specify dtype option on import or set low_memory=False.
  return self.func(*args, **kwargs)
/afs/.ir/users/z/q/zqian1/anaconda3/envs/conda_envpython3.6/lib/python3.6/site-packages/joblib/_parallel_backends.py:350: DtypeWarning: Columns (270,295) have mixed types. Specify dtype option on import or set low_memory=False.
  return self.func(*args, **kwargs)
/afs/.ir/users/z/q/zqian1/anaconda3/envs/conda_envpython3.6/lib/python3.6/site-packages/joblib/_parallel_backends.py:350: DtypeWarning: Columns (270,326) have mixed types. Specify dtype option on import or set low_memory=False.
  return self.func(*args, **kwargs)
/afs/.ir/users/z/q/zqian1/anaconda3/envs/conda_envpython3.6/lib/python3.6/site-packages/joblib/_parallel_backends.py:350: DtypeWarning: Columns (170,195,220,245,270) have mixed types. Specify dtype option on import or set low_memory=False.
  return self.func(*args, **kwargs)
/afs/.ir/users/z/q/zqian1/anaconda3/envs/conda_envpython3.6/lib/python3.6/site-packages/joblib/_parallel_backends.py:350: DtypeWarning: Columns (195,245,295,320) have mixed types. Specify dtype option on import or set low_memory=False.
  return self.func(*args, **kwargs)
/afs/.ir/users/z/q/zqian1/anaconda3/envs/conda_envpython3.6/lib/python3.6/site-packages/joblib/_parallel_backends.py:350: DtypeWarning: Columns (320) have mixed types. Specify dtype option on import or set low_memory=False.
  return self.func(*args, **kwargs)
/afs/.ir/users/z/q/zqian1/anaconda3/envs/conda_envpython3.6/lib/python3.6/site-packages/joblib/_parallel_backends.py:350: DtypeWarning: Columns (120,170,195,220,245,270,326) have mixed types. Specify dtype option on import or set low_memory=False.
  return self.func(*args, **kwargs)
/afs/.ir/users/z/q/zqian1/anaconda3/envs/conda_envpython3.6/lib/python3.6/site-packages/joblib/_parallel_backends.py:350: DtypeWarning: Columns (95,145,170,220,245,320) have mixed types. Specify dtype option on import or set low_memory=False.
  return self.func(*args, **kwargs)
/afs/.ir/users/z/q/zqian1/anaconda3/envs/conda_envpython3.6/lib/python3.6/site-packages/joblib/_parallel_backends.py:350: DtypeWarning: Columns (120,195,220,245,270,295,326) have mixed types. Specify dtype option on import or set low_memory=False.
  return self.func(*args, **kwargs)
/afs/.ir/users/z/q/zqian1/anaconda3/envs/conda_envpython3.6/lib/python3.6/site-packages/joblib/_parallel_backends.py:350: DtypeWarning: Columns (195,220,270,299,320) have mixed types. Specify dtype option on import or set low_memory=False.
  return self.func(*args, **kwargs)
/afs/.ir/users/z/q/zqian1/anaconda3/envs/conda_envpython3.6/lib/python3.6/site-packages/joblib/_parallel_backends.py:350: DtypeWarning: Columns (195,270,295) have mixed types. Specify dtype option on import or set low_memory=False.
  return self.func(*args, **kwargs)
/afs/.ir/users/z/q/zqian1/anaconda3/envs/conda_envpython3.6/lib/python3.6/site-packages/joblib/_parallel_backends.py:350: DtypeWarning: Columns (120,145,220,295,320,324) have mixed types. Specify dtype option on import or set low_memory=False.
  return self.func(*args, **kwargs)
/afs/.ir/users/z/q/zqian1/anaconda3/envs/conda_envpython3.6/lib/python3.6/site-packages/joblib/_parallel_backends.py:350: DtypeWarning: Columns (95,120,145,170,195,220,245,270,324) have mixed types. Specify dtype option on import or set low_memory=False.
  return self.func(*args, **kwargs)
/afs/.ir/users/z/q/zqian1/anaconda3/envs/conda_envpython3.6/lib/python3.6/site-packages/joblib/_parallel_backends.py:350: DtypeWarning: Columns (95,120,145,170,195,201,220,226,245,270,274,276,299,321,324,326) have mixed types. Specify dtype option on import or set low_memory=False.
  return self.func(*args, **kwargs)
/afs/.ir/users/z/q/zqian1/anaconda3/envs/conda_envpython3.6/lib/python3.6/site-packages/joblib/_parallel_backends.py:350: DtypeWarning: Columns (145,220,245) have mixed types. Specify dtype option on import or set low_memory=False.
  return self.func(*args, **kwargs)
/afs/.ir/users/z/q/zqian1/anaconda3/envs/conda_envpython3.6/lib/python3.6/site-packages/joblib/_parallel_backends.py:350: DtypeWarning: Columns (220,270,326) have mixed types. Specify dtype option on import or set low_memory=False.
  return self.func(*args, **kwargs)
/afs/.ir/users/z/q/zqian1/anaconda3/envs/conda_envpython3.6/lib/python3.6/site-packages/joblib/_parallel_backends.py:350: DtypeWarning: Columns (220) have mixed types. Specify dtype option on import or set low_memory=False.
  return self.func(*args, **kwargs)
/afs/.ir/users/z/q/zqian1/anaconda3/envs/conda_envpython3.6/lib/python3.6/site-packages/joblib/_parallel_backends.py:350: DtypeWarning: Columns (118,120,121,122,123,124,126,127,128,143,145,146,147,148,149,151,152,153) have mixed types. Specify dtype option on import or set low_memory=False.
  return self.func(*args, **kwargs)
/afs/.ir/users/z/q/zqian1/anaconda3/envs/conda_envpython3.6/lib/python3.6/site-packages/joblib/_parallel_backends.py:350: DtypeWarning: Columns (118,121,122,123,124,126,127,128,143,146,147,148,149,151,152,153) have mixed types. Specify dtype option on import or set low_memory=False.
  return self.func(*args, **kwargs)
/afs/.ir/users/z/q/zqian1/anaconda3/envs/conda_envpython3.6/lib/python3.6/site-packages/joblib/_parallel_backends.py:350: DtypeWarning: Columns (95,126) have mixed types. Specify dtype option on import or set low_memory=False.
  return self.func(*args, **kwargs)
/afs/.ir/users/z/q/zqian1/anaconda3/envs/conda_envpython3.6/lib/python3.6/site-packages/joblib/_parallel_backends.py:350: DtypeWarning: Columns (118,120,121,122,123,124,126,127,128,143,146,147,148,149,151,152,153) have mixed types. Specify dtype option on import or set low_memory=False.
  return self.func(*args, **kwargs)
/afs/.ir/users/z/q/zqian1/anaconda3/envs/conda_envpython3.6/lib/python3.6/site-packages/joblib/_parallel_backends.py:350: DtypeWarning: Columns (145) have mixed types. Specify dtype option on import or set low_memory=False.
  return self.func(*args, **kwargs)
/afs/.ir/users/z/q/zqian1/anaconda3/envs/conda_envpython3.6/lib/python3.6/site-packages/joblib/_parallel_backends.py:350: DtypeWarning: Columns (95,101,118,120,121,122,123,124,126,127,128,143,146,147,148,149,151,152,153) have mixed types. Specify dtype option on import or set low_memory=False.
  return self.func(*args, **kwargs)
/afs/.ir/users/z/q/zqian1/anaconda3/envs/conda_envpython3.6/lib/python3.6/site-packages/joblib/_parallel_backends.py:350: DtypeWarning: Columns (270,295,324) have mixed types. Specify dtype option on import or set low_memory=False.
  return self.func(*args, **kwargs)
/afs/.ir/users/z/q/zqian1/anaconda3/envs/conda_envpython3.6/lib/python3.6/site-packages/joblib/_parallel_backends.py:350: DtypeWarning: Columns (145,195,245,270,295,299,320,324) have mixed types. Specify dtype option on import or set low_memory=False.
  return self.func(*args, **kwargs)
/afs/.ir/users/z/q/zqian1/anaconda3/envs/conda_envpython3.6/lib/python3.6/site-packages/joblib/_parallel_backends.py:350: DtypeWarning: Columns (195,220,245,270,274,295) have mixed types. Specify dtype option on import or set low_memory=False.
  return self.func(*args, **kwargs)
/afs/.ir/users/z/q/zqian1/anaconda3/envs/conda_envpython3.6/lib/python3.6/site-packages/joblib/_parallel_backends.py:350: DtypeWarning: Columns (195,220,295,299) have mixed types. Specify dtype option on import or set low_memory=False.
  return self.func(*args, **kwargs)
/afs/.ir/users/z/q/zqian1/anaconda3/envs/conda_envpython3.6/lib/python3.6/site-packages/joblib/_parallel_backends.py:350: DtypeWarning: Columns (120,170,195,220,245,249,270,274,324) have mixed types. Specify dtype option on import or set low_memory=False.
  return self.func(*args, **kwargs)
/afs/.ir/users/z/q/zqian1/anaconda3/envs/conda_envpython3.6/lib/python3.6/site-packages/joblib/_parallel_backends.py:350: DtypeWarning: Columns (220,245,295,324) have mixed types. Specify dtype option on import or set low_memory=False.
  return self.func(*args, **kwargs)
/afs/.ir/users/z/q/zqian1/anaconda3/envs/conda_envpython3.6/lib/python3.6/site-packages/joblib/_parallel_backends.py:350: DtypeWarning: Columns (145,170,195,220,224,270,274,295,299,320,324) have mixed types. Specify dtype option on import or set low_memory=False.
  return self.func(*args, **kwargs)
/afs/.ir/users/z/q/zqian1/anaconda3/envs/conda_envpython3.6/lib/python3.6/site-packages/joblib/_parallel_backends.py:350: DtypeWarning: Columns (324) have mixed types. Specify dtype option on import or set low_memory=False.
  return self.func(*args, **kwargs)
/afs/.ir/users/z/q/zqian1/anaconda3/envs/conda_envpython3.6/lib/python3.6/site-packages/joblib/_parallel_backends.py:350: DtypeWarning: Columns (195,270,295,324) have mixed types. Specify dtype option on import or set low_memory=False.
  return self.func(*args, **kwargs)
/afs/.ir/users/z/q/zqian1/anaconda3/envs/conda_envpython3.6/lib/python3.6/site-packages/joblib/_parallel_backends.py:350: DtypeWarning: Columns (95,145,170,199,220,245,251,274,276,295,299) have mixed types. Specify dtype option on import or set low_memory=False.
  return self.func(*args, **kwargs)
/afs/.ir/users/z/q/zqian1/anaconda3/envs/conda_envpython3.6/lib/python3.6/site-packages/joblib/_parallel_backends.py:350: DtypeWarning: Columns (145,195,220,245,276,299) have mixed types. Specify dtype option on import or set low_memory=False.
  return self.func(*args, **kwargs)
/afs/.ir/users/z/q/zqian1/anaconda3/envs/conda_envpython3.6/lib/python3.6/site-packages/joblib/_parallel_backends.py:350: DtypeWarning: Columns (170,195,199,220,274,295,326) have mixed types. Specify dtype option on import or set low_memory=False.
  return self.func(*args, **kwargs)
/afs/.ir/users/z/q/zqian1/anaconda3/envs/conda_envpython3.6/lib/python3.6/site-packages/joblib/_parallel_backends.py:350: DtypeWarning: Columns (120,220,295,299,324) have mixed types. Specify dtype option on import or set low_memory=False.
  return self.func(*args, **kwargs)
/afs/.ir/users/z/q/zqian1/anaconda3/envs/conda_envpython3.6/lib/python3.6/site-packages/joblib/_parallel_backends.py:350: DtypeWarning: Columns (95,220,249,320,326) have mixed types. Specify dtype option on import or set low_memory=False.
  return self.func(*args, **kwargs)
/afs/.ir/users/z/q/zqian1/anaconda3/envs/conda_envpython3.6/lib/python3.6/site-packages/joblib/_parallel_backends.py:350: DtypeWarning: Columns (99,145,170,195,220,245,270,276,299,320,324,326) have mixed types. Specify dtype option on import or set low_memory=False.
  return self.func(*args, **kwargs)
/afs/.ir/users/z/q/zqian1/anaconda3/envs/conda_envpython3.6/lib/python3.6/site-packages/joblib/_parallel_backends.py:350: DtypeWarning: Columns (120,145,195,220,274,295,326) have mixed types. Specify dtype option on import or set low_memory=False.
  return self.func(*args, **kwargs)
/afs/.ir/users/z/q/zqian1/anaconda3/envs/conda_envpython3.6/lib/python3.6/site-packages/joblib/_parallel_backends.py:350: DtypeWarning: Columns (145,170,195,220,245,274,299,301,326) have mixed types. Specify dtype option on import or set low_memory=False.
  return self.func(*args, **kwargs)
/afs/.ir/users/z/q/zqian1/anaconda3/envs/conda_envpython3.6/lib/python3.6/site-packages/joblib/_parallel_backends.py:350: DtypeWarning: Columns (95,99,120,145,149,170,174,195,199,224,251,274,276,295,299,321,324,326) have mixed types. Specify dtype option on import or set low_memory=False.
  return self.func(*args, **kwargs)
/afs/.ir/users/z/q/zqian1/anaconda3/envs/conda_envpython3.6/lib/python3.6/site-packages/joblib/_parallel_backends.py:350: DtypeWarning: Columns (220,245,249,320) have mixed types. Specify dtype option on import or set low_memory=False.
  return self.func(*args, **kwargs)
/afs/.ir/users/z/q/zqian1/anaconda3/envs/conda_envpython3.6/lib/python3.6/site-packages/joblib/_parallel_backends.py:350: DtypeWarning: Columns (120,195,245,299,320) have mixed types. Specify dtype option on import or set low_memory=False.
  return self.func(*args, **kwargs)
/afs/.ir/users/z/q/zqian1/anaconda3/envs/conda_envpython3.6/lib/python3.6/site-packages/joblib/_parallel_backends.py:350: DtypeWarning: Columns (95,145,195,220,245,270,299) have mixed types. Specify dtype option on import or set low_memory=False.
  return self.func(*args, **kwargs)
/afs/.ir/users/z/q/zqian1/anaconda3/envs/conda_envpython3.6/lib/python3.6/site-packages/joblib/_parallel_backends.py:350: DtypeWarning: Columns (145,195,245,270,324,326) have mixed types. Specify dtype option on import or set low_memory=False.
  return self.func(*args, **kwargs)
/afs/.ir/users/z/q/zqian1/anaconda3/envs/conda_envpython3.6/lib/python3.6/site-packages/joblib/_parallel_backends.py:350: DtypeWarning: Columns (95,120,170,220,245,249,270,274,299,324) have mixed types. Specify dtype option on import or set low_memory=False.
  return self.func(*args, **kwargs)
/afs/.ir/users/z/q/zqian1/anaconda3/envs/conda_envpython3.6/lib/python3.6/site-packages/joblib/_parallel_backends.py:350: DtypeWarning: Columns (245,270,299,324) have mixed types. Specify dtype option on import or set low_memory=False.
  return self.func(*args, **kwargs)
/afs/.ir/users/z/q/zqian1/anaconda3/envs/conda_envpython3.6/lib/python3.6/site-packages/joblib/_parallel_backends.py:350: DtypeWarning: Columns (170,195,220,270,299) have mixed types. Specify dtype option on import or set low_memory=False.
  return self.func(*args, **kwargs)
/afs/.ir/users/z/q/zqian1/anaconda3/envs/conda_envpython3.6/lib/python3.6/site-packages/joblib/_parallel_backends.py:350: DtypeWarning: Columns (120,145,170,199,201,220,224,249,251,274,276,299,301,324,326) have mixed types. Specify dtype option on import or set low_memory=False.
  return self.func(*args, **kwargs)
/afs/.ir/users/z/q/zqian1/anaconda3/envs/conda_envpython3.6/lib/python3.6/site-packages/joblib/_parallel_backends.py:350: DtypeWarning: Columns (95,145,149,195,199,220,224,270,295,301,320,324,326) have mixed types. Specify dtype option on import or set low_memory=False.
  return self.func(*args, **kwargs)
/afs/.ir/users/z/q/zqian1/anaconda3/envs/conda_envpython3.6/lib/python3.6/site-packages/joblib/_parallel_backends.py:350: DtypeWarning: Columns (95,99,120,170,220,245,301) have mixed types. Specify dtype option on import or set low_memory=False.
  return self.func(*args, **kwargs)
/afs/.ir/users/z/q/zqian1/anaconda3/envs/conda_envpython3.6/lib/python3.6/site-packages/joblib/_parallel_backends.py:350: DtypeWarning: Columns (220,245,299) have mixed types. Specify dtype option on import or set low_memory=False.
  return self.func(*args, **kwargs)
/afs/.ir/users/z/q/zqian1/anaconda3/envs/conda_envpython3.6/lib/python3.6/site-packages/joblib/_parallel_backends.py:350: DtypeWarning: Columns (124,145,170,174,195,199,224,249,251,276,295,296,318,321,322,323,326,327,328) have mixed types. Specify dtype option on import or set low_memory=False.
  return self.func(*args, **kwargs)
/afs/.ir/users/z/q/zqian1/anaconda3/envs/conda_envpython3.6/lib/python3.6/site-packages/joblib/_parallel_backends.py:350: DtypeWarning: Columns (226,301,326) have mixed types. Specify dtype option on import or set low_memory=False.
  return self.func(*args, **kwargs)
/afs/.ir/users/z/q/zqian1/anaconda3/envs/conda_envpython3.6/lib/python3.6/site-packages/joblib/_parallel_backends.py:350: DtypeWarning: Columns (195,199,268,270,271,272,273,276,277,278,293,296,297,298,302,303,318,321,322,323,327,328) have mixed types. Specify dtype option on import or set low_memory=False.
  return self.func(*args, **kwargs)
/afs/.ir/users/z/q/zqian1/anaconda3/envs/conda_envpython3.6/lib/python3.6/site-packages/joblib/_parallel_backends.py:350: DtypeWarning: Columns (220,224,249,270,301,326) have mixed types. Specify dtype option on import or set low_memory=False.
  return self.func(*args, **kwargs)
/afs/.ir/users/z/q/zqian1/anaconda3/envs/conda_envpython3.6/lib/python3.6/site-packages/joblib/_parallel_backends.py:350: DtypeWarning: Columns (149,220,224,245,249,276,295,299,301,318,321,322,323,326,327,328) have mixed types. Specify dtype option on import or set low_memory=False.
  return self.func(*args, **kwargs)
/afs/.ir/users/z/q/zqian1/anaconda3/envs/conda_envpython3.6/lib/python3.6/site-packages/joblib/_parallel_backends.py:350: DtypeWarning: Columns (195,249,276,299,301) have mixed types. Specify dtype option on import or set low_memory=False.
  return self.func(*args, **kwargs)
/afs/.ir/users/z/q/zqian1/anaconda3/envs/conda_envpython3.6/lib/python3.6/site-packages/joblib/_parallel_backends.py:350: DtypeWarning: Columns (270,320) have mixed types. Specify dtype option on import or set low_memory=False.
  return self.func(*args, **kwargs)
/afs/.ir/users/z/q/zqian1/anaconda3/envs/conda_envpython3.6/lib/python3.6/site-packages/joblib/_parallel_backends.py:350: DtypeWarning: Columns (95,145,195,295) have mixed types. Specify dtype option on import or set low_memory=False.
  return self.func(*args, **kwargs)
/afs/.ir/users/z/q/zqian1/anaconda3/envs/conda_envpython3.6/lib/python3.6/site-packages/joblib/_parallel_backends.py:350: DtypeWarning: Columns (145,195,245,270) have mixed types. Specify dtype option on import or set low_memory=False.
  return self.func(*args, **kwargs)
/afs/.ir/users/z/q/zqian1/anaconda3/envs/conda_envpython3.6/lib/python3.6/site-packages/joblib/_parallel_backends.py:350: DtypeWarning: Columns (295) have mixed types. Specify dtype option on import or set low_memory=False.
  return self.func(*args, **kwargs)
/afs/.ir/users/z/q/zqian1/anaconda3/envs/conda_envpython3.6/lib/python3.6/site-packages/joblib/_parallel_backends.py:350: DtypeWarning: Columns (95,120,145,170,195,220,245,251,270,295,299,301,320,326) have mixed types. Specify dtype option on import or set low_memory=False.
  return self.func(*args, **kwargs)
/afs/.ir/users/z/q/zqian1/anaconda3/envs/conda_envpython3.6/lib/python3.6/site-packages/joblib/_parallel_backends.py:350: DtypeWarning: Columns (220,245,270,320) have mixed types. Specify dtype option on import or set low_memory=False.
  return self.func(*args, **kwargs)
/afs/.ir/users/z/q/zqian1/anaconda3/envs/conda_envpython3.6/lib/python3.6/site-packages/joblib/_parallel_backends.py:350: DtypeWarning: Columns (95,145,195,220,245,270,320) have mixed types. Specify dtype option on import or set low_memory=False.
  return self.func(*args, **kwargs)
/afs/.ir/users/z/q/zqian1/anaconda3/envs/conda_envpython3.6/lib/python3.6/site-packages/joblib/_parallel_backends.py:350: DtypeWarning: Columns (220,270,320) have mixed types. Specify dtype option on import or set low_memory=False.
  return self.func(*args, **kwargs)
/afs/.ir/users/z/q/zqian1/anaconda3/envs/conda_envpython3.6/lib/python3.6/site-packages/joblib/_parallel_backends.py:350: DtypeWarning: Columns (195,295,320) have mixed types. Specify dtype option on import or set low_memory=False.
  return self.func(*args, **kwargs)
/afs/.ir/users/z/q/zqian1/anaconda3/envs/conda_envpython3.6/lib/python3.6/site-packages/joblib/_parallel_backends.py:350: DtypeWarning: Columns (120,145,195,220,245,295,301,320) have mixed types. Specify dtype option on import or set low_memory=False.
  return self.func(*args, **kwargs)
/afs/.ir/users/z/q/zqian1/anaconda3/envs/conda_envpython3.6/lib/python3.6/site-packages/joblib/_parallel_backends.py:350: DtypeWarning: Columns (101,120,145,170,195,220,270,274,276,293,296,297,298,299,301,302,303,318,321,322,323,324,326,327,328) have mixed types. Specify dtype option on import or set low_memory=False.
  return self.func(*args, **kwargs)
/afs/.ir/users/z/q/zqian1/anaconda3/envs/conda_envpython3.6/lib/python3.6/site-packages/joblib/_parallel_backends.py:350: DtypeWarning: Columns (195,295) have mixed types. Specify dtype option on import or set low_memory=False.
  return self.func(*args, **kwargs)
/afs/.ir/users/z/q/zqian1/anaconda3/envs/conda_envpython3.6/lib/python3.6/site-packages/joblib/_parallel_backends.py:350: DtypeWarning: Columns (195,245,270,295,320) have mixed types. Specify dtype option on import or set low_memory=False.
  return self.func(*args, **kwargs)
/afs/.ir/users/z/q/zqian1/anaconda3/envs/conda_envpython3.6/lib/python3.6/site-packages/joblib/_parallel_backends.py:350: DtypeWarning: Columns (295,326) have mixed types. Specify dtype option on import or set low_memory=False.
  return self.func(*args, **kwargs)
/afs/.ir/users/z/q/zqian1/anaconda3/envs/conda_envpython3.6/lib/python3.6/site-packages/joblib/_parallel_backends.py:350: DtypeWarning: Columns (170,220,245,295) have mixed types. Specify dtype option on import or set low_memory=False.
  return self.func(*args, **kwargs)
/afs/.ir/users/z/q/zqian1/anaconda3/envs/conda_envpython3.6/lib/python3.6/site-packages/joblib/_parallel_backends.py:350: DtypeWarning: Columns (245,295,320) have mixed types. Specify dtype option on import or set low_memory=False.
  return self.func(*args, **kwargs)
/afs/.ir/users/z/q/zqian1/anaconda3/envs/conda_envpython3.6/lib/python3.6/site-packages/joblib/_parallel_backends.py:350: DtypeWarning: Columns (170,220,245) have mixed types. Specify dtype option on import or set low_memory=False.
  return self.func(*args, **kwargs)
/afs/.ir/users/z/q/zqian1/anaconda3/envs/conda_envpython3.6/lib/python3.6/site-packages/joblib/_parallel_backends.py:350: DtypeWarning: Columns (220,245,270,295,321) have mixed types. Specify dtype option on import or set low_memory=False.
  return self.func(*args, **kwargs)
/afs/.ir/users/z/q/zqian1/anaconda3/envs/conda_envpython3.6/lib/python3.6/site-packages/joblib/_parallel_backends.py:350: DtypeWarning: Columns (245,270) have mixed types. Specify dtype option on import or set low_memory=False.
  return self.func(*args, **kwargs)
/afs/.ir/users/z/q/zqian1/anaconda3/envs/conda_envpython3.6/lib/python3.6/site-packages/joblib/_parallel_backends.py:350: DtypeWarning: Columns (320) have mixed types. Specify dtype option on import or set low_memory=False.
  return self.func(*args, **kwargs)
/afs/.ir/users/z/q/zqian1/anaconda3/envs/conda_envpython3.6/lib/python3.6/site-packages/joblib/_parallel_backends.py:350: DtypeWarning: Columns (95,120,145,270,295,326) have mixed types. Specify dtype option on import or set low_memory=False.
  return self.func(*args, **kwargs)
/afs/.ir/users/z/q/zqian1/anaconda3/envs/conda_envpython3.6/lib/python3.6/site-packages/joblib/_parallel_backends.py:350: DtypeWarning: Columns (245,270,320) have mixed types. Specify dtype option on import or set low_memory=False.
  return self.func(*args, **kwargs)
/afs/.ir/users/z/q/zqian1/anaconda3/envs/conda_envpython3.6/lib/python3.6/site-packages/joblib/_parallel_backends.py:350: DtypeWarning: Columns (120,245) have mixed types. Specify dtype option on import or set low_memory=False.
  return self.func(*args, **kwargs)
/afs/.ir/users/z/q/zqian1/anaconda3/envs/conda_envpython3.6/lib/python3.6/site-packages/joblib/_parallel_backends.py:350: DtypeWarning: Columns (95,120,220,301) have mixed types. Specify dtype option on import or set low_memory=False.
  return self.func(*args, **kwargs)
/afs/.ir/users/z/q/zqian1/anaconda3/envs/conda_envpython3.6/lib/python3.6/site-packages/joblib/_parallel_backends.py:350: DtypeWarning: Columns (145) have mixed types. Specify dtype option on import or set low_memory=False.
  return self.func(*args, **kwargs)
/afs/.ir/users/z/q/zqian1/anaconda3/envs/conda_envpython3.6/lib/python3.6/site-packages/joblib/_parallel_backends.py:350: DtypeWarning: Columns (168,171,172,173,177,178,193,196,197,198,202,203,218,222,223,227,228,243,245,246,247,248,252,253,268,271,272,273,277,278) have mixed types. Specify dtype option on import or set low_memory=False.
  return self.func(*args, **kwargs)
/afs/.ir/users/z/q/zqian1/anaconda3/envs/conda_envpython3.6/lib/python3.6/site-packages/joblib/_parallel_backends.py:350: DtypeWarning: Columns (168,171,172,173,177,178,193,197,198,202,203) have mixed types. Specify dtype option on import or set low_memory=False.
  return self.func(*args, **kwargs)
/afs/.ir/users/z/q/zqian1/anaconda3/envs/conda_envpython3.6/lib/python3.6/site-packages/joblib/_parallel_backends.py:350: DtypeWarning: Columns (145,168,171,172,173,177,178) have mixed types. Specify dtype option on import or set low_memory=False.
  return self.func(*args, **kwargs)
/afs/.ir/users/z/q/zqian1/anaconda3/envs/conda_envpython3.6/lib/python3.6/site-packages/joblib/_parallel_backends.py:350: DtypeWarning: Columns (145,168,171,172,173,177,178,193,196,197,198,202,203,218,221,222,223,227,228,243,246,247,248,252,253,268,272,273,277,278) have mixed types. Specify dtype option on import or set low_memory=False.
  return self.func(*args, **kwargs)
/afs/.ir/users/z/q/zqian1/anaconda3/envs/conda_envpython3.6/lib/python3.6/site-packages/joblib/_parallel_backends.py:350: DtypeWarning: Columns (95,120,168,172,173,177,178,193,197,198,202,203) have mixed types. Specify dtype option on import or set low_memory=False.
  return self.func(*args, **kwargs)
/afs/.ir/users/z/q/zqian1/anaconda3/envs/conda_envpython3.6/lib/python3.6/site-packages/joblib/_parallel_backends.py:350: DtypeWarning: Columns (145,168,171,172,173,177,178,193,197,198,202,203,218,222,223,227,228,243,247,248,252,253) have mixed types. Specify dtype option on import or set low_memory=False.
  return self.func(*args, **kwargs)
/afs/.ir/users/z/q/zqian1/anaconda3/envs/conda_envpython3.6/lib/python3.6/site-packages/joblib/_parallel_backends.py:350: DtypeWarning: Columns (168,171,172,173,174,177,178,193,196,197,198,201,202,203,218,221,222,223,227,228,243,247,248,252,253) have mixed types. Specify dtype option on import or set low_memory=False.
  return self.func(*args, **kwargs)
/afs/.ir/users/z/q/zqian1/anaconda3/envs/conda_envpython3.6/lib/python3.6/site-packages/joblib/_parallel_backends.py:350: DtypeWarning: Columns (120) have mixed types. Specify dtype option on import or set low_memory=False.
  return self.func(*args, **kwargs)
/afs/.ir/users/z/q/zqian1/anaconda3/envs/conda_envpython3.6/lib/python3.6/site-packages/joblib/_parallel_backends.py:350: DtypeWarning: Columns (145,168,172,173,174,177,178) have mixed types. Specify dtype option on import or set low_memory=False.
  return self.func(*args, **kwargs)
/afs/.ir/users/z/q/zqian1/anaconda3/envs/conda_envpython3.6/lib/python3.6/site-packages/joblib/_parallel_backends.py:350: DtypeWarning: Columns (95,120) have mixed types. Specify dtype option on import or set low_memory=False.
  return self.func(*args, **kwargs)
/afs/.ir/users/z/q/zqian1/anaconda3/envs/conda_envpython3.6/lib/python3.6/site-packages/joblib/_parallel_backends.py:350: DtypeWarning: Columns (168,172,173,177,178,193,196,197,198,202,203) have mixed types. Specify dtype option on import or set low_memory=False.
  return self.func(*args, **kwargs)
/afs/.ir/users/z/q/zqian1/anaconda3/envs/conda_envpython3.6/lib/python3.6/site-packages/joblib/_parallel_backends.py:350: DtypeWarning: Columns (145,168,171,172,173,177,178,193,196,197,198,201,202,203,218,221,222,223,226,227,228,243,246,247,248,252,253) have mixed types. Specify dtype option on import or set low_memory=False.
  return self.func(*args, **kwargs)
/afs/.ir/users/z/q/zqian1/anaconda3/envs/conda_envpython3.6/lib/python3.6/site-packages/joblib/_parallel_backends.py:350: DtypeWarning: Columns (95,145,168,171,172,173,177,178,193,196,197,198,201,202,203,218,222,223,227,228,243,247,248,249,252,253,268,272,273,277,278) have mixed types. Specify dtype option on import or set low_memory=False.
  return self.func(*args, **kwargs)
/afs/.ir/users/z/q/zqian1/anaconda3/envs/conda_envpython3.6/lib/python3.6/site-packages/joblib/_parallel_backends.py:350: DtypeWarning: Columns (168,171,172,173,177,178) have mixed types. Specify dtype option on import or set low_memory=False.
  return self.func(*args, **kwargs)
/afs/.ir/users/z/q/zqian1/anaconda3/envs/conda_envpython3.6/lib/python3.6/site-packages/joblib/_parallel_backends.py:350: DtypeWarning: Columns (99,120,124,145,170,174,199,246,251,271,296,298,301,318,321,322,323,327,328) have mixed types. Specify dtype option on import or set low_memory=False.
  return self.func(*args, **kwargs)
/afs/.ir/users/z/q/zqian1/anaconda3/envs/conda_envpython3.6/lib/python3.6/site-packages/joblib/_parallel_backends.py:350: DtypeWarning: Columns (199,249,251,276,299,301,324,326) have mixed types. Specify dtype option on import or set low_memory=False.
  return self.func(*args, **kwargs)
/afs/.ir/users/z/q/zqian1/anaconda3/envs/conda_envpython3.6/lib/python3.6/site-packages/joblib/_parallel_backends.py:350: DtypeWarning: Columns (120,170,195,201,224,226,245,251,276,293,296,297,298,302,303,318,321,322,323,324,326,327,328) have mixed types. Specify dtype option on import or set low_memory=False.
  return self.func(*args, **kwargs)
/afs/.ir/users/z/q/zqian1/anaconda3/envs/conda_envpython3.6/lib/python3.6/site-packages/joblib/_parallel_backends.py:350: DtypeWarning: Columns (145,226,249,251,276,299,301,321) have mixed types. Specify dtype option on import or set low_memory=False.
  return self.func(*args, **kwargs)
/afs/.ir/users/z/q/zqian1/anaconda3/envs/conda_envpython3.6/lib/python3.6/site-packages/joblib/_parallel_backends.py:350: DtypeWarning: Columns (145,170,199,224,249,251,274,276,296,301,326) have mixed types. Specify dtype option on import or set low_memory=False.
  return self.func(*args, **kwargs)
/afs/.ir/users/z/q/zqian1/anaconda3/envs/conda_envpython3.6/lib/python3.6/site-packages/joblib/_parallel_backends.py:350: DtypeWarning: Columns (145,195,220,249,274,276,296,299,301,321) have mixed types. Specify dtype option on import or set low_memory=False.
  return self.func(*args, **kwargs)
/afs/.ir/users/z/q/zqian1/anaconda3/envs/conda_envpython3.6/lib/python3.6/site-packages/joblib/_parallel_backends.py:350: DtypeWarning: Columns (170,224,249,251,301) have mixed types. Specify dtype option on import or set low_memory=False.
  return self.func(*args, **kwargs)
/afs/.ir/users/z/q/zqian1/anaconda3/envs/conda_envpython3.6/lib/python3.6/site-packages/joblib/_parallel_backends.py:350: DtypeWarning: Columns (120,145,170,199,226,245,249,274,299,321,324,326) have mixed types. Specify dtype option on import or set low_memory=False.
  return self.func(*args, **kwargs)
/afs/.ir/users/z/q/zqian1/anaconda3/envs/conda_envpython3.6/lib/python3.6/site-packages/joblib/_parallel_backends.py:350: DtypeWarning: Columns (170,195,220,224,226,299,301,321,323,324) have mixed types. Specify dtype option on import or set low_memory=False.
  return self.func(*args, **kwargs)
/afs/.ir/users/z/q/zqian1/anaconda3/envs/conda_envpython3.6/lib/python3.6/site-packages/joblib/_parallel_backends.py:350: DtypeWarning: Columns (145,199,224,226,251,271,274,296,301,321) have mixed types. Specify dtype option on import or set low_memory=False.
  return self.func(*args, **kwargs)
/afs/.ir/users/z/q/zqian1/anaconda3/envs/conda_envpython3.6/lib/python3.6/site-packages/joblib/_parallel_backends.py:350: DtypeWarning: Columns (195,224,226,245,249,274,276,299,301,326) have mixed types. Specify dtype option on import or set low_memory=False.
  return self.func(*args, **kwargs)
/afs/.ir/users/z/q/zqian1/anaconda3/envs/conda_envpython3.6/lib/python3.6/site-packages/joblib/_parallel_backends.py:350: DtypeWarning: Columns (120,195,199,224,249,273,276,296,298,299,301,324) have mixed types. Specify dtype option on import or set low_memory=False.
  return self.func(*args, **kwargs)
/afs/.ir/users/z/q/zqian1/anaconda3/envs/conda_envpython3.6/lib/python3.6/site-packages/joblib/_parallel_backends.py:350: DtypeWarning: Columns (220,270,295,299,320) have mixed types. Specify dtype option on import or set low_memory=False.
  return self.func(*args, **kwargs)
/afs/.ir/users/z/q/zqian1/anaconda3/envs/conda_envpython3.6/lib/python3.6/site-packages/joblib/_parallel_backends.py:350: DtypeWarning: Columns (170,270,295) have mixed types. Specify dtype option on import or set low_memory=False.
  return self.func(*args, **kwargs)
/afs/.ir/users/z/q/zqian1/anaconda3/envs/conda_envpython3.6/lib/python3.6/site-packages/joblib/_parallel_backends.py:350: DtypeWarning: Columns (195,245,270,276,295,299,324,326) have mixed types. Specify dtype option on import or set low_memory=False.
  return self.func(*args, **kwargs)
/afs/.ir/users/z/q/zqian1/anaconda3/envs/conda_envpython3.6/lib/python3.6/site-packages/joblib/_parallel_backends.py:350: DtypeWarning: Columns (245) have mixed types. Specify dtype option on import or set low_memory=False.
  return self.func(*args, **kwargs)
/afs/.ir/users/z/q/zqian1/anaconda3/envs/conda_envpython3.6/lib/python3.6/site-packages/joblib/_parallel_backends.py:350: DtypeWarning: Columns (170,195,220,320,324) have mixed types. Specify dtype option on import or set low_memory=False.
  return self.func(*args, **kwargs)
/afs/.ir/users/z/q/zqian1/anaconda3/envs/conda_envpython3.6/lib/python3.6/site-packages/joblib/_parallel_backends.py:350: DtypeWarning: Columns (95,145,170,195,220,295,299,301,320,324,326) have mixed types. Specify dtype option on import or set low_memory=False.
  return self.func(*args, **kwargs)
/afs/.ir/users/z/q/zqian1/anaconda3/envs/conda_envpython3.6/lib/python3.6/site-packages/joblib/_parallel_backends.py:350: DtypeWarning: Columns (95,120,145,170,195,220,301,324,326) have mixed types. Specify dtype option on import or set low_memory=False.
  return self.func(*args, **kwargs)
/afs/.ir/users/z/q/zqian1/anaconda3/envs/conda_envpython3.6/lib/python3.6/site-packages/joblib/_parallel_backends.py:350: DtypeWarning: Columns (120,170,195,220,270,295,320,326) have mixed types. Specify dtype option on import or set low_memory=False.
  return self.func(*args, **kwargs)
/afs/.ir/users/z/q/zqian1/anaconda3/envs/conda_envpython3.6/lib/python3.6/site-packages/joblib/_parallel_backends.py:350: DtypeWarning: Columns (220,295,320) have mixed types. Specify dtype option on import or set low_memory=False.
  return self.func(*args, **kwargs)
/afs/.ir/users/z/q/zqian1/anaconda3/envs/conda_envpython3.6/lib/python3.6/site-packages/joblib/_parallel_backends.py:350: DtypeWarning: Columns (170,195,220,326) have mixed types. Specify dtype option on import or set low_memory=False.
  return self.func(*args, **kwargs)
/afs/.ir/users/z/q/zqian1/anaconda3/envs/conda_envpython3.6/lib/python3.6/site-packages/joblib/_parallel_backends.py:350: DtypeWarning: Columns (145,170,295,324) have mixed types. Specify dtype option on import or set low_memory=False.
  return self.func(*args, **kwargs)
/afs/.ir/users/z/q/zqian1/anaconda3/envs/conda_envpython3.6/lib/python3.6/site-packages/joblib/_parallel_backends.py:350: DtypeWarning: Columns (120,170,195,245,274,326) have mixed types. Specify dtype option on import or set low_memory=False.
  return self.func(*args, **kwargs)
/afs/.ir/users/z/q/zqian1/anaconda3/envs/conda_envpython3.6/lib/python3.6/site-packages/joblib/_parallel_backends.py:350: DtypeWarning: Columns (120,270,295) have mixed types. Specify dtype option on import or set low_memory=False.
  return self.func(*args, **kwargs)
/afs/.ir/users/z/q/zqian1/anaconda3/envs/conda_envpython3.6/lib/python3.6/site-packages/joblib/_parallel_backends.py:350: DtypeWarning: Columns (145,220,324,326) have mixed types. Specify dtype option on import or set low_memory=False.
  return self.func(*args, **kwargs)
/afs/.ir/users/z/q/zqian1/anaconda3/envs/conda_envpython3.6/lib/python3.6/site-packages/joblib/_parallel_backends.py:350: DtypeWarning: Columns (195,220,245,299,324) have mixed types. Specify dtype option on import or set low_memory=False.
  return self.func(*args, **kwargs)
/afs/.ir/users/z/q/zqian1/anaconda3/envs/conda_envpython3.6/lib/python3.6/site-packages/joblib/_parallel_backends.py:350: DtypeWarning: Columns (95,120,145,195,299,324,326) have mixed types. Specify dtype option on import or set low_memory=False.
  return self.func(*args, **kwargs)
/afs/.ir/users/z/q/zqian1/anaconda3/envs/conda_envpython3.6/lib/python3.6/site-packages/joblib/_parallel_backends.py:350: DtypeWarning: Columns (120,170,195,220,245,270,299,324) have mixed types. Specify dtype option on import or set low_memory=False.
  return self.func(*args, **kwargs)
/afs/.ir/users/z/q/zqian1/anaconda3/envs/conda_envpython3.6/lib/python3.6/site-packages/joblib/_parallel_backends.py:350: DtypeWarning: Columns (120,195,220,270,320) have mixed types. Specify dtype option on import or set low_memory=False.
  return self.func(*args, **kwargs)
/afs/.ir/users/z/q/zqian1/anaconda3/envs/conda_envpython3.6/lib/python3.6/site-packages/joblib/_parallel_backends.py:350: DtypeWarning: Columns (120,145,170,195,245,295,301,321,324,326) have mixed types. Specify dtype option on import or set low_memory=False.
  return self.func(*args, **kwargs)
/afs/.ir/users/z/q/zqian1/anaconda3/envs/conda_envpython3.6/lib/python3.6/site-packages/joblib/_parallel_backends.py:350: DtypeWarning: Columns (170,245,295,299,324) have mixed types. Specify dtype option on import or set low_memory=False.
  return self.func(*args, **kwargs)
/afs/.ir/users/z/q/zqian1/anaconda3/envs/conda_envpython3.6/lib/python3.6/site-packages/joblib/_parallel_backends.py:350: DtypeWarning: Columns (145,199,201,224,251,270,274,276,301,318,322,323,324,327,328) have mixed types. Specify dtype option on import or set low_memory=False.
  return self.func(*args, **kwargs)
/afs/.ir/users/z/q/zqian1/anaconda3/envs/conda_envpython3.6/lib/python3.6/site-packages/joblib/_parallel_backends.py:350: DtypeWarning: Columns (195,249,276) have mixed types. Specify dtype option on import or set low_memory=False.
  return self.func(*args, **kwargs)
/afs/.ir/users/z/q/zqian1/anaconda3/envs/conda_envpython3.6/lib/python3.6/site-packages/joblib/_parallel_backends.py:350: DtypeWarning: Columns (145,170,224,251,276,296,321) have mixed types. Specify dtype option on import or set low_memory=False.
  return self.func(*args, **kwargs)
/afs/.ir/users/z/q/zqian1/anaconda3/envs/conda_envpython3.6/lib/python3.6/site-packages/joblib/_parallel_backends.py:350: DtypeWarning: Columns (145,224,251,271,274,276,295) have mixed types. Specify dtype option on import or set low_memory=False.
  return self.func(*args, **kwargs)
/afs/.ir/users/z/q/zqian1/anaconda3/envs/conda_envpython3.6/lib/python3.6/site-packages/joblib/_parallel_backends.py:350: DtypeWarning: Columns (120,145,195,220,245,251,274,276,299,301,321,324,326) have mixed types. Specify dtype option on import or set low_memory=False.
  return self.func(*args, **kwargs)
/afs/.ir/users/z/q/zqian1/anaconda3/envs/conda_envpython3.6/lib/python3.6/site-packages/joblib/_parallel_backends.py:350: DtypeWarning: Columns (199,224,299,301) have mixed types. Specify dtype option on import or set low_memory=False.
  return self.func(*args, **kwargs)
/afs/.ir/users/z/q/zqian1/anaconda3/envs/conda_envpython3.6/lib/python3.6/site-packages/joblib/_parallel_backends.py:350: DtypeWarning: Columns (195,220,276,296,301,321) have mixed types. Specify dtype option on import or set low_memory=False.
  return self.func(*args, **kwargs)
/afs/.ir/users/z/q/zqian1/anaconda3/envs/conda_envpython3.6/lib/python3.6/site-packages/joblib/_parallel_backends.py:350: DtypeWarning: Columns (95,120,145,174,195,199,224,274,276,321) have mixed types. Specify dtype option on import or set low_memory=False.
  return self.func(*args, **kwargs)
/afs/.ir/users/z/q/zqian1/anaconda3/envs/conda_envpython3.6/lib/python3.6/site-packages/joblib/_parallel_backends.py:350: DtypeWarning: Columns (145,245,299,301) have mixed types. Specify dtype option on import or set low_memory=False.
  return self.func(*args, **kwargs)
/afs/.ir/users/z/q/zqian1/anaconda3/envs/conda_envpython3.6/lib/python3.6/site-packages/joblib/_parallel_backends.py:350: DtypeWarning: Columns (120,195,224,251,270,274,276,296,299,301,321,324) have mixed types. Specify dtype option on import or set low_memory=False.
  return self.func(*args, **kwargs)
/afs/.ir/users/z/q/zqian1/anaconda3/envs/conda_envpython3.6/lib/python3.6/site-packages/joblib/_parallel_backends.py:350: DtypeWarning: Columns (95) have mixed types. Specify dtype option on import or set low_memory=False.
  return self.func(*args, **kwargs)
/afs/.ir/users/z/q/zqian1/anaconda3/envs/conda_envpython3.6/lib/python3.6/site-packages/joblib/_parallel_backends.py:350: DtypeWarning: Columns (95,99) have mixed types. Specify dtype option on import or set low_memory=False.
  return self.func(*args, **kwargs)
/afs/.ir/users/z/q/zqian1/anaconda3/envs/conda_envpython3.6/lib/python3.6/site-packages/joblib/_parallel_backends.py:350: DtypeWarning: Columns (95,145,249,274,276,301,326) have mixed types. Specify dtype option on import or set low_memory=False.
  return self.func(*args, **kwargs)
/afs/.ir/users/z/q/zqian1/anaconda3/envs/conda_envpython3.6/lib/python3.6/site-packages/joblib/_parallel_backends.py:350: DtypeWarning: Columns (170,195,245,301,324) have mixed types. Specify dtype option on import or set low_memory=False.
  return self.func(*args, **kwargs)
/afs/.ir/users/z/q/zqian1/anaconda3/envs/conda_envpython3.6/lib/python3.6/site-packages/joblib/_parallel_backends.py:350: DtypeWarning: Columns (145,170,220,249,251,274) have mixed types. Specify dtype option on import or set low_memory=False.
  return self.func(*args, **kwargs)
/afs/.ir/users/z/q/zqian1/anaconda3/envs/conda_envpython3.6/lib/python3.6/site-packages/joblib/_parallel_backends.py:350: DtypeWarning: Columns (95,120,145,170,224,251,276,293,296,297,298,302,303,318,322,323,327,328) have mixed types. Specify dtype option on import or set low_memory=False.
  return self.func(*args, **kwargs)
/afs/.ir/users/z/q/zqian1/anaconda3/envs/conda_envpython3.6/lib/python3.6/site-packages/joblib/_parallel_backends.py:350: DtypeWarning: Columns (120,170,220,245,301) have mixed types. Specify dtype option on import or set low_memory=False.
  return self.func(*args, **kwargs)
/afs/.ir/users/z/q/zqian1/anaconda3/envs/conda_envpython3.6/lib/python3.6/site-packages/joblib/_parallel_backends.py:350: DtypeWarning: Columns (120,170,195,220,249,299,321,324) have mixed types. Specify dtype option on import or set low_memory=False.
  return self.func(*args, **kwargs)
/afs/.ir/users/z/q/zqian1/anaconda3/envs/conda_envpython3.6/lib/python3.6/site-packages/joblib/_parallel_backends.py:350: DtypeWarning: Columns (145,170,195,199,201,226,249,251,270,271,276,296,301,321) have mixed types. Specify dtype option on import or set low_memory=False.
  return self.func(*args, **kwargs)
/afs/.ir/users/z/q/zqian1/anaconda3/envs/conda_envpython3.6/lib/python3.6/site-packages/joblib/_parallel_backends.py:350: DtypeWarning: Columns (95,120,145,195,274,295,296,299,318,321,322,323,327,328) have mixed types. Specify dtype option on import or set low_memory=False.
  return self.func(*args, **kwargs)
/afs/.ir/users/z/q/zqian1/anaconda3/envs/conda_envpython3.6/lib/python3.6/site-packages/joblib/_parallel_backends.py:350: DtypeWarning: Columns (249,274,296,301,321,326) have mixed types. Specify dtype option on import or set low_memory=False.
  return self.func(*args, **kwargs)
/afs/.ir/users/z/q/zqian1/anaconda3/envs/conda_envpython3.6/lib/python3.6/site-packages/joblib/_parallel_backends.py:350: DtypeWarning: Columns (120,226,276,299,321,323,324) have mixed types. Specify dtype option on import or set low_memory=False.
  return self.func(*args, **kwargs)
/afs/.ir/users/z/q/zqian1/anaconda3/envs/conda_envpython3.6/lib/python3.6/site-packages/joblib/_parallel_backends.py:350: DtypeWarning: Columns (195,226,245,251,274,276,296,321) have mixed types. Specify dtype option on import or set low_memory=False.
  return self.func(*args, **kwargs)
/afs/.ir/users/z/q/zqian1/anaconda3/envs/conda_envpython3.6/lib/python3.6/site-packages/joblib/_parallel_backends.py:350: DtypeWarning: Columns (95,145,195,201,224,226,246,271,274,276,299) have mixed types. Specify dtype option on import or set low_memory=False.
  return self.func(*args, **kwargs)
/afs/.ir/users/z/q/zqian1/anaconda3/envs/conda_envpython3.6/lib/python3.6/site-packages/joblib/_parallel_backends.py:350: DtypeWarning: Columns (120,145,170,195,220,226,251,271,274,276) have mixed types. Specify dtype option on import or set low_memory=False.
  return self.func(*args, **kwargs)
/afs/.ir/users/z/q/zqian1/anaconda3/envs/conda_envpython3.6/lib/python3.6/site-packages/joblib/_parallel_backends.py:350: DtypeWarning: Columns (120,145,170,176,195,201,249,251,276,299,301) have mixed types. Specify dtype option on import or set low_memory=False.
  return self.func(*args, **kwargs)
/afs/.ir/users/z/q/zqian1/anaconda3/envs/conda_envpython3.6/lib/python3.6/site-packages/joblib/_parallel_backends.py:350: DtypeWarning: Columns (95,120,195,249,251,274,296,301,321,326) have mixed types. Specify dtype option on import or set low_memory=False.
  return self.func(*args, **kwargs)
/afs/.ir/users/z/q/zqian1/anaconda3/envs/conda_envpython3.6/lib/python3.6/site-packages/joblib/_parallel_backends.py:350: DtypeWarning: Columns (170,195,224,226,251,274,299,301,321,326) have mixed types. Specify dtype option on import or set low_memory=False.
  return self.func(*args, **kwargs)
/afs/.ir/users/z/q/zqian1/anaconda3/envs/conda_envpython3.6/lib/python3.6/site-packages/joblib/_parallel_backends.py:350: DtypeWarning: Columns (120,145,251,276,296,299,318,322,323,327,328) have mixed types. Specify dtype option on import or set low_memory=False.
  return self.func(*args, **kwargs)
/afs/.ir/users/z/q/zqian1/anaconda3/envs/conda_envpython3.6/lib/python3.6/site-packages/joblib/_parallel_backends.py:350: DtypeWarning: Columns (170,220,251,276,299,324) have mixed types. Specify dtype option on import or set low_memory=False.
  return self.func(*args, **kwargs)
/afs/.ir/users/z/q/zqian1/anaconda3/envs/conda_envpython3.6/lib/python3.6/site-packages/joblib/_parallel_backends.py:350: DtypeWarning: Columns (176,195,226,271,274,276,296,299,301,318,321,322,323,326,327,328) have mixed types. Specify dtype option on import or set low_memory=False.
  return self.func(*args, **kwargs)
/afs/.ir/users/z/q/zqian1/anaconda3/envs/conda_envpython3.6/lib/python3.6/site-packages/joblib/_parallel_backends.py:350: DtypeWarning: Columns (95,120,145,151,174,199,201,224,226,249,274,276,299,301,318,320,321,322,323,324,326,327,328) have mixed types. Specify dtype option on import or set low_memory=False.
  return self.func(*args, **kwargs)
/afs/.ir/users/z/q/zqian1/anaconda3/envs/conda_envpython3.6/lib/python3.6/site-packages/joblib/_parallel_backends.py:350: DtypeWarning: Columns (220,276,320,324,326) have mixed types. Specify dtype option on import or set low_memory=False.
  return self.func(*args, **kwargs)
/afs/.ir/users/z/q/zqian1/anaconda3/envs/conda_envpython3.6/lib/python3.6/site-packages/joblib/_parallel_backends.py:350: DtypeWarning: Columns (95,120,145,149,170,174,201,220,224,245,249,251,268,271,272,273,274,276,277,278,293,296,297,298,301,302,303,318,321,322,323,327,328) have mixed types. Specify dtype option on import or set low_memory=False.
  return self.func(*args, **kwargs)
/afs/.ir/users/z/q/zqian1/anaconda3/envs/conda_envpython3.6/lib/python3.6/site-packages/joblib/_parallel_backends.py:350: DtypeWarning: Columns (120,145,226,246,249,251,271,274,295,299) have mixed types. Specify dtype option on import or set low_memory=False.
  return self.func(*args, **kwargs)
/afs/.ir/users/z/q/zqian1/anaconda3/envs/conda_envpython3.6/lib/python3.6/site-packages/joblib/_parallel_backends.py:350: DtypeWarning: Columns (120,170,276,301,321,323,324,326) have mixed types. Specify dtype option on import or set low_memory=False.
  return self.func(*args, **kwargs)
/afs/.ir/users/z/q/zqian1/anaconda3/envs/conda_envpython3.6/lib/python3.6/site-packages/joblib/_parallel_backends.py:350: DtypeWarning: Columns (120,145,170,224,251,274,299,321,326) have mixed types. Specify dtype option on import or set low_memory=False.
  return self.func(*args, **kwargs)
/afs/.ir/users/z/q/zqian1/anaconda3/envs/conda_envpython3.6/lib/python3.6/site-packages/joblib/_parallel_backends.py:350: DtypeWarning: Columns (170,195,249,270,274,276,299) have mixed types. Specify dtype option on import or set low_memory=False.
  return self.func(*args, **kwargs)
